m:\code\homework\homework_data_structures\debug\vc140.pdb
m:\code\homework\homework_data_structures\debug\vc140.idb
m:\code\homework\homework_data_structures\debug\linked_list_cir.obj
m:\code\homework\homework_data_structures\debug\linked_list_cir_doub.obj
m:\code\homework\homework_data_structures\debug\linked_list_head.obj
m:\code\homework\homework_data_structures\debug\linked_list_nohead.obj
m:\code\homework\homework_data_structures\debug\seq_list.obj
m:\code\homework\homework_data_structures\debug\main.obj
m:\code\homework\homework_data_structures\debug\cir_queue.obj
m:\code\homework\homework_data_structures\debug\linked_queue.obj
m:\code\homework\homework_data_structures\debug\linked_stack.obj
m:\code\homework\homework_data_structures\debug\seq_stack.obj
m:\code\homework\homework_data_structures\debug\kmp.obj
m:\code\homework\homework_data_structures\debug\homework_string.obj
m:\code\homework\homework_data_structures\debug\linked_binary_tree_tri.obj
m:\code\homework\homework_data_structures\debug\seq_binary_tree.obj
m:\code\homework\homework_data_structures\debug\homework_data_structures.ilk
m:\code\homework\homework_data_structures\debug\homework_data_structures.exe
m:\code\homework\homework_data_structures\debug\homework_data_structures.pdb
m:\code\homework\homework_data_structures\debug\yang_hui_triangle.pdb
m:\code\homework\homework_data_structures\debug\homework.17f89f17.tlog\cl.command.1.tlog
m:\code\homework\homework_data_structures\debug\homework.17f89f17.tlog\cl.read.1.tlog
m:\code\homework\homework_data_structures\debug\homework.17f89f17.tlog\cl.write.1.tlog
m:\code\homework\homework_data_structures\debug\homework.17f89f17.tlog\link.command.1.tlog
m:\code\homework\homework_data_structures\debug\homework.17f89f17.tlog\link.read.1.tlog
m:\code\homework\homework_data_structures\debug\homework.17f89f17.tlog\link.write.1.tlog
